2024-07-12 14:39:26,023 - INFO - Starting script...
2024-07-12 14:39:26,023 - DEBUG - Debug information...
2024-07-12 14:39:26,023 - WARNING - Warning! Something unexpected happened.
2024-07-12 14:39:26,023 - INFO - Script finished.
2024-07-12 14:39:26,134 - DEBUG - Importing BlpImagePlugin
2024-07-12 14:39:26,136 - DEBUG - Importing BmpImagePlugin
2024-07-12 14:39:26,136 - DEBUG - Importing BufrStubImagePlugin
2024-07-12 14:39:26,137 - DEBUG - Importing CurImagePlugin
2024-07-12 14:39:26,138 - DEBUG - Importing DcxImagePlugin
2024-07-12 14:39:26,140 - DEBUG - Importing DdsImagePlugin
2024-07-12 14:39:26,144 - DEBUG - Importing EpsImagePlugin
2024-07-12 14:39:26,146 - DEBUG - Importing FitsImagePlugin
2024-07-12 14:39:26,146 - DEBUG - Importing FliImagePlugin
2024-07-12 14:39:26,147 - DEBUG - Importing FpxImagePlugin
2024-07-12 14:39:26,148 - DEBUG - Image: failed to import FpxImagePlugin: No module named 'olefile'
2024-07-12 14:39:26,148 - DEBUG - Importing FtexImagePlugin
2024-07-12 14:39:26,149 - DEBUG - Importing GbrImagePlugin
2024-07-12 14:39:26,150 - DEBUG - Importing GifImagePlugin
2024-07-12 14:39:26,150 - DEBUG - Importing GribStubImagePlugin
2024-07-12 14:39:26,151 - DEBUG - Importing Hdf5StubImagePlugin
2024-07-12 14:39:26,152 - DEBUG - Importing IcnsImagePlugin
2024-07-12 14:39:26,155 - DEBUG - Importing IcoImagePlugin
2024-07-12 14:39:26,156 - DEBUG - Importing ImImagePlugin
2024-07-12 14:39:26,157 - DEBUG - Importing ImtImagePlugin
2024-07-12 14:39:26,158 - DEBUG - Importing IptcImagePlugin
2024-07-12 14:39:26,159 - DEBUG - Importing JpegImagePlugin
2024-07-12 14:39:26,159 - DEBUG - Importing Jpeg2KImagePlugin
2024-07-12 14:39:26,159 - DEBUG - Importing McIdasImagePlugin
2024-07-12 14:39:26,160 - DEBUG - Importing MicImagePlugin
2024-07-12 14:39:26,161 - DEBUG - Image: failed to import MicImagePlugin: No module named 'olefile'
2024-07-12 14:39:26,161 - DEBUG - Importing MpegImagePlugin
2024-07-12 14:39:26,162 - DEBUG - Importing MpoImagePlugin
2024-07-12 14:39:26,165 - DEBUG - Importing MspImagePlugin
2024-07-12 14:39:26,166 - DEBUG - Importing PalmImagePlugin
2024-07-12 14:39:26,168 - DEBUG - Importing PcdImagePlugin
2024-07-12 14:39:26,169 - DEBUG - Importing PcxImagePlugin
2024-07-12 14:39:26,170 - DEBUG - Importing PdfImagePlugin
2024-07-12 14:39:26,177 - DEBUG - Importing PixarImagePlugin
2024-07-12 14:39:26,178 - DEBUG - Importing PngImagePlugin
2024-07-12 14:39:26,179 - DEBUG - Importing PpmImagePlugin
2024-07-12 14:39:26,179 - DEBUG - Importing PsdImagePlugin
2024-07-12 14:39:26,180 - DEBUG - Importing QoiImagePlugin
2024-07-12 14:39:26,181 - DEBUG - Importing SgiImagePlugin
2024-07-12 14:39:26,182 - DEBUG - Importing SpiderImagePlugin
2024-07-12 14:39:26,183 - DEBUG - Importing SunImagePlugin
2024-07-12 14:39:26,185 - DEBUG - Importing TgaImagePlugin
2024-07-12 14:39:26,186 - DEBUG - Importing TiffImagePlugin
2024-07-12 14:39:26,186 - DEBUG - Importing WebPImagePlugin
2024-07-12 14:39:26,196 - DEBUG - Importing WmfImagePlugin
2024-07-12 14:39:26,197 - DEBUG - Importing XbmImagePlugin
2024-07-12 14:39:26,199 - DEBUG - Importing XpmImagePlugin
2024-07-12 14:39:26,200 - DEBUG - Importing XVThumbImagePlugin
2024-07-12 14:39:26,203 - DEBUG - STREAM b'IHDR' 224142 13
2024-07-12 14:39:26,203 - DEBUG - STREAM b'IDAT' 224167 29836
2024-07-12 14:39:34,281 - DEBUG - STREAM b'IHDR' 224142 13
2024-07-12 14:39:34,281 - DEBUG - STREAM b'IDAT' 224167 29836
2024-07-12 14:39:42,807 - DEBUG - STREAM b'IHDR' 224142 13
2024-07-12 14:39:42,808 - DEBUG - STREAM b'IDAT' 224167 29836
2024-07-12 14:39:51,375 - DEBUG - STREAM b'IHDR' 224142 13
2024-07-12 14:39:51,375 - DEBUG - STREAM b'IDAT' 224167 29836
2024-07-12 14:39:58,995 - DEBUG - STREAM b'IHDR' 224142 13
2024-07-12 14:39:58,995 - DEBUG - STREAM b'IDAT' 224167 29836
2024-07-12 14:41:31,063 - DEBUG - STREAM b'IHDR' 224142 13
2024-07-12 14:41:31,063 - DEBUG - STREAM b'IDAT' 224167 29836
2024-07-12 14:44:19,243 - INFO - Starting script...
2024-07-12 14:44:19,244 - INFO - Platform: Linux-5.15.153.1-microsoft-standard-WSL2-x86_64-with-glibc2.35
2024-07-12 14:44:19,245 - INFO - Installed Python packages:
2024-07-12 14:44:20,074 - INFO - anaconda==0.0.1.1
2024-07-12 14:44:20,074 - INFO - anyio==4.0.0
2024-07-12 14:44:20,075 - INFO - arabic-reshaper==3.0.0
2024-07-12 14:44:20,075 - INFO - argon2-cffi==23.1.0
2024-07-12 14:44:20,075 - INFO - argon2-cffi-bindings==21.2.0
2024-07-12 14:44:20,075 - INFO - arrow==1.2.3
2024-07-12 14:44:20,075 - INFO - asttokens==2.3.0
2024-07-12 14:44:20,075 - INFO - astunparse==1.6.3
2024-07-12 14:44:20,075 - INFO - async-lru==2.0.4
2024-07-12 14:44:20,075 - INFO - attrs==23.1.0
2024-07-12 14:44:20,075 - INFO - Babel==2.12.1
2024-07-12 14:44:20,075 - INFO - backcall==0.2.0
2024-07-12 14:44:20,075 - INFO - beautifulsoup4==4.12.2
2024-07-12 14:44:20,075 - INFO - bleach==6.0.0
2024-07-12 14:44:20,075 - INFO - blosc2==2.5.1
2024-07-12 14:44:20,075 - INFO - cachetools==5.3.2
2024-07-12 14:44:20,075 - INFO - certifi==2023.7.22
2024-07-12 14:44:20,075 - INFO - cffi==1.15.1
2024-07-12 14:44:20,075 - INFO - charset-normalizer==3.2.0
2024-07-12 14:44:20,076 - INFO - cloudpickle==2.2.1
2024-07-12 14:44:20,076 - INFO - comm==0.1.4
2024-07-12 14:44:20,076 - INFO - contourpy==1.1.1
2024-07-12 14:44:20,076 - INFO - cryptography==42.0.2
2024-07-12 14:44:20,076 - INFO - cycler==0.12.1
2024-07-12 14:44:20,076 - INFO - debugpy==1.6.7.post1
2024-07-12 14:44:20,076 - INFO - decorator==4.4.2
2024-07-12 14:44:20,076 - INFO - defusedxml==0.7.1
2024-07-12 14:44:20,076 - INFO - distro==1.9.0
2024-07-12 14:44:20,076 - INFO - dukpy==0.3.0
2024-07-12 14:44:20,076 - INFO - egi_pynetstation==1.0.1
2024-07-12 14:44:20,076 - INFO - elementpath==4.1.5
2024-07-12 14:44:20,076 - INFO - esprima==4.0.1
2024-07-12 14:44:20,076 - INFO - et-xmlfile==1.1.0
2024-07-12 14:44:20,076 - INFO - exceptiongroup==1.1.3
2024-07-12 14:44:20,077 - INFO - executing==1.2.0
2024-07-12 14:44:20,077 - INFO - Farama-Notifications==0.0.4
2024-07-12 14:44:20,077 - INFO - fastjsonschema==2.18.0
2024-07-12 14:44:20,077 - INFO - ffpyplayer==4.5.0
2024-07-12 14:44:20,077 - INFO - fonttools==4.43.1
2024-07-12 14:44:20,077 - INFO - fqdn==1.5.1
2024-07-12 14:44:20,077 - INFO - freetype-py==2.4.0
2024-07-12 14:44:20,077 - INFO - future==0.18.3
2024-07-12 14:44:20,077 - INFO - gevent==23.9.1
2024-07-12 14:44:20,077 - INFO - gitdb==4.0.11
2024-07-12 14:44:20,077 - INFO - GitPython==3.1.41
2024-07-12 14:44:20,077 - INFO - glfw==2.6.2
2024-07-12 14:44:20,077 - INFO - google-api-core==2.11.1
2024-07-12 14:44:20,077 - INFO - google-auth==2.23.0
2024-07-12 14:44:20,078 - INFO - google-cloud==0.34.0
2024-07-12 14:44:20,078 - INFO - google-cloud-speech==2.21.0
2024-07-12 14:44:20,078 - INFO - googleapis-common-protos==1.60.0
2024-07-12 14:44:20,078 - INFO - greenlet==3.0.3
2024-07-12 14:44:20,078 - INFO - grpcio==1.58.0
2024-07-12 14:44:20,078 - INFO - grpcio-status==1.58.0
2024-07-12 14:44:20,078 - INFO - gymnasium==0.29.1
2024-07-12 14:44:20,078 - INFO - html2text==2020.1.16
2024-07-12 14:44:20,078 - INFO - idna==3.4
2024-07-12 14:44:20,078 - INFO - imageio==2.33.1
2024-07-12 14:44:20,078 - INFO - imageio-ffmpeg==0.4.9
2024-07-12 14:44:20,078 - INFO - ipykernel==6.25.1
2024-07-12 14:44:20,078 - INFO - ipython==8.15.0
2024-07-12 14:44:20,078 - INFO - isoduration==20.11.0
2024-07-12 14:44:20,078 - INFO - javascripthon==0.12
2024-07-12 14:44:20,078 - INFO - jedi==0.19.0
2024-07-12 14:44:20,078 - INFO - Jinja2==3.1.2
2024-07-12 14:44:20,078 - INFO - json-tricks==3.17.3
2024-07-12 14:44:20,079 - INFO - json5==0.9.14
2024-07-12 14:44:20,079 - INFO - jsonpointer==2.4
2024-07-12 14:44:20,079 - INFO - jsonschema==4.19.0
2024-07-12 14:44:20,079 - INFO - jsonschema-specifications==2023.7.1
2024-07-12 14:44:20,079 - INFO - jupyter-events==0.7.0
2024-07-12 14:44:20,079 - INFO - jupyter-lsp==2.2.0
2024-07-12 14:44:20,079 - INFO - jupyter_client==8.3.1
2024-07-12 14:44:20,079 - INFO - jupyter_core==5.3.1
2024-07-12 14:44:20,079 - INFO - jupyter_server==2.7.3
2024-07-12 14:44:20,079 - INFO - jupyter_server_terminals==0.4.4
2024-07-12 14:44:20,079 - INFO - jupyterlab==4.0.5
2024-07-12 14:44:20,079 - INFO - jupyterlab-pygments==0.2.2
2024-07-12 14:44:20,079 - INFO - jupyterlab_server==2.24.0
2024-07-12 14:44:20,079 - INFO - kiwisolver==1.4.5
2024-07-12 14:44:20,079 - INFO - markdown-it-py==3.0.0
2024-07-12 14:44:20,079 - INFO - MarkupSafe==2.1.3
2024-07-12 14:44:20,080 - INFO - matplotlib==3.8.0
2024-07-12 14:44:20,080 - INFO - matplotlib-inline==0.1.6
2024-07-12 14:44:20,080 - INFO - mdurl==0.1.2
2024-07-12 14:44:20,080 - INFO - mistune==3.0.1
2024-07-12 14:44:20,080 - INFO - moviepy==1.0.3
2024-07-12 14:44:20,080 - INFO - msgpack==1.0.7
2024-07-12 14:44:20,080 - INFO - msgpack-numpy==0.4.8
2024-07-12 14:44:20,080 - INFO - nbclient==0.8.0
2024-07-12 14:44:20,080 - INFO - nbconvert==7.8.0
2024-07-12 14:44:20,080 - INFO - nbformat==5.9.2
2024-07-12 14:44:20,080 - INFO - ndindex==1.7
2024-07-12 14:44:20,080 - INFO - nest-asyncio==1.5.7
2024-07-12 14:44:20,080 - INFO - notebook==7.0.3
2024-07-12 14:44:20,080 - INFO - notebook_shim==0.2.3
2024-07-12 14:44:20,081 - INFO - ntplib==0.4.0
2024-07-12 14:44:20,081 - INFO - numexpr==2.9.0
2024-07-12 14:44:20,081 - INFO - numpy==1.25.2
2024-07-12 14:44:20,081 - INFO - opencv-python==4.8.0.76
2024-07-12 14:44:20,081 - INFO - openpyxl==3.1.2
2024-07-12 14:44:20,081 - INFO - overrides==7.4.0
2024-07-12 14:44:20,081 - INFO - packaging==23.1
2024-07-12 14:44:20,081 - INFO - pandas==2.1.2
2024-07-12 14:44:20,081 - INFO - pandocfilters==1.5.0
2024-07-12 14:44:20,081 - INFO - parso==0.8.3
2024-07-12 14:44:20,081 - INFO - pathlib2 @ file:///home/builder/ci_310/pathlib2_1640792238136/work
2024-07-12 14:44:20,081 - INFO - pexpect==4.8.0
2024-07-12 14:44:20,081 - INFO - pickleshare==0.7.5
2024-07-12 14:44:20,081 - INFO - Pillow==10.0.1
2024-07-12 14:44:20,081 - INFO - platformdirs==3.10.0
2024-07-12 14:44:20,082 - INFO - proglog==0.1.10
2024-07-12 14:44:20,082 - INFO - prometheus-client==0.17.1
2024-07-12 14:44:20,082 - INFO - prompt-toolkit==3.0.39
2024-07-12 14:44:20,082 - INFO - proto-plus==1.22.3
2024-07-12 14:44:20,082 - INFO - protobuf==4.24.3
2024-07-12 14:44:20,082 - INFO - psutil==5.9.5
2024-07-12 14:44:20,082 - INFO - PsychoPy==2022.2.4
2024-07-12 14:44:20,082 - INFO - psychtoolbox==3.0.19.0
2024-07-12 14:44:20,082 - INFO - ptyprocess==0.7.0
2024-07-12 14:44:20,082 - INFO - pure-eval==0.2.2
2024-07-12 14:44:20,082 - INFO - py-cpuinfo==9.0.0
2024-07-12 14:44:20,082 - INFO - pyasn1==0.5.1
2024-07-12 14:44:20,082 - INFO - pyasn1-modules==0.3.0
2024-07-12 14:44:20,082 - INFO - pycparser==2.21
2024-07-12 14:44:20,083 - INFO - pygame==2.5.1
2024-07-12 14:44:20,083 - INFO - pyglet==1.4.11
2024-07-12 14:44:20,083 - INFO - Pygments==2.16.1
2024-07-12 14:44:20,083 - INFO - pyparallel==0.2.2
2024-07-12 14:44:20,083 - INFO - pyparsing==3.1.1
2024-07-12 14:44:20,083 - INFO - Pypubsub==4.0.3
2024-07-12 14:44:20,083 - INFO - PyQt5-Qt5==5.15.2
2024-07-12 14:44:20,083 - INFO - PyQt6-Qt6==6.6.1
2024-07-12 14:44:20,083 - INFO - PyQt6-sip==13.6.0
2024-07-12 14:44:20,083 - INFO - pyserial==3.5
2024-07-12 14:44:20,083 - INFO - python-bidi==0.4.2
2024-07-12 14:44:20,083 - INFO - python-dateutil==2.8.2
2024-07-12 14:44:20,083 - INFO - python-gitlab==4.4.0
2024-07-12 14:44:20,084 - INFO - python-json-logger==2.0.7
2024-07-12 14:44:20,084 - INFO - python-vlc==3.0.20123
2024-07-12 14:44:20,084 - INFO - python-xlib==0.33
2024-07-12 14:44:20,084 - INFO - pytz==2023.3.post1
2024-07-12 14:44:20,084 - INFO - PyYAML==6.0.1
2024-07-12 14:44:20,084 - INFO - pyzmq==25.1.1
2024-07-12 14:44:20,084 - INFO - questplus==2023.1
2024-07-12 14:44:20,084 - INFO - referencing==0.30.2
2024-07-12 14:44:20,084 - INFO - requests==2.31.0
2024-07-12 14:44:20,084 - INFO - requests-toolbelt==1.0.0
2024-07-12 14:44:20,084 - INFO - rfc3339-validator==0.1.4
2024-07-12 14:44:20,084 - INFO - rfc3986-validator==0.1.1
2024-07-12 14:44:20,084 - INFO - rpds-py==0.10.0
2024-07-12 14:44:20,084 - INFO - rsa==4.9
2024-07-12 14:44:20,084 - INFO - scipy==1.12.0
2024-07-12 14:44:20,085 - INFO - Send2Trash==1.8.2
2024-07-12 14:44:20,085 - INFO - six==1.16.0
2024-07-12 14:44:20,085 - INFO - smmap==5.0.1
2024-07-12 14:44:20,085 - INFO - sniffio==1.3.0
2024-07-12 14:44:20,085 - INFO - sounddevice==0.4.6
2024-07-12 14:44:20,085 - INFO - soundfile==0.12.1
2024-07-12 14:44:20,085 - INFO - soupsieve==2.5
2024-07-12 14:44:20,085 - INFO - SpeechRecognition==3.10.0
2024-07-12 14:44:20,085 - INFO - stack-data==0.6.2
2024-07-12 14:44:20,085 - INFO - tables==3.9.2
2024-07-12 14:44:20,085 - INFO - terminado==0.17.1
2024-07-12 14:44:20,085 - INFO - tinycss2==1.2.1
2024-07-12 14:44:20,085 - INFO - tomli==2.0.1
2024-07-12 14:44:20,085 - INFO - tornado==6.3.3
2024-07-12 14:44:20,085 - INFO - tqdm==4.66.1
2024-07-12 14:44:20,085 - INFO - traitlets==5.9.0
2024-07-12 14:44:20,086 - INFO - typing_extensions==4.7.1
2024-07-12 14:44:20,086 - INFO - tzdata==2023.3
2024-07-12 14:44:20,086 - INFO - ujson==5.9.0
2024-07-12 14:44:20,086 - INFO - uri-template==1.3.0
2024-07-12 14:44:20,086 - INFO - urllib3==1.26.16
2024-07-12 14:44:20,086 - INFO - vizdoom==1.2.3
2024-07-12 14:44:20,086 - INFO - wcwidth==0.2.6
2024-07-12 14:44:20,086 - INFO - webcolors==1.13
2024-07-12 14:44:20,086 - INFO - webencodings==0.5.1
2024-07-12 14:44:20,086 - INFO - websocket-client==1.6.2
2024-07-12 14:44:20,086 - INFO - websockets==11.0.3
2024-07-12 14:44:20,086 - INFO - wxPython==4.2.1
2024-07-12 14:44:20,086 - INFO - xarray==2024.1.1
2024-07-12 14:44:20,086 - INFO - xlrd==2.0.1
2024-07-12 14:44:20,086 - INFO - xmlschema==2.4.0
2024-07-12 14:44:20,087 - INFO - zope.event==5.0
2024-07-12 14:44:20,087 - INFO - zope.interface==6.1
2024-07-12 14:44:20,087 - DEBUG - Debug information...
2024-07-12 14:44:20,087 - WARNING - Warning! Something unexpected happened.
2024-07-12 14:44:20,087 - INFO - Script finished.
2024-07-12 14:44:20,151 - DEBUG - Importing BlpImagePlugin
2024-07-12 14:44:20,153 - DEBUG - Importing BmpImagePlugin
2024-07-12 14:44:20,154 - DEBUG - Importing BufrStubImagePlugin
2024-07-12 14:44:20,155 - DEBUG - Importing CurImagePlugin
2024-07-12 14:44:20,156 - DEBUG - Importing DcxImagePlugin
2024-07-12 14:44:20,157 - DEBUG - Importing DdsImagePlugin
2024-07-12 14:44:20,158 - DEBUG - Importing EpsImagePlugin
2024-07-12 14:44:20,159 - DEBUG - Importing FitsImagePlugin
2024-07-12 14:44:20,160 - DEBUG - Importing FliImagePlugin
2024-07-12 14:44:20,161 - DEBUG - Importing FpxImagePlugin
2024-07-12 14:44:20,161 - DEBUG - Image: failed to import FpxImagePlugin: No module named 'olefile'
2024-07-12 14:44:20,162 - DEBUG - Importing FtexImagePlugin
2024-07-12 14:44:20,162 - DEBUG - Importing GbrImagePlugin
2024-07-12 14:44:20,163 - DEBUG - Importing GifImagePlugin
2024-07-12 14:44:20,163 - DEBUG - Importing GribStubImagePlugin
2024-07-12 14:44:20,164 - DEBUG - Importing Hdf5StubImagePlugin
2024-07-12 14:44:20,164 - DEBUG - Importing IcnsImagePlugin
2024-07-12 14:44:20,166 - DEBUG - Importing IcoImagePlugin
2024-07-12 14:44:20,167 - DEBUG - Importing ImImagePlugin
2024-07-12 14:44:20,170 - DEBUG - Importing ImtImagePlugin
2024-07-12 14:44:20,172 - DEBUG - Importing IptcImagePlugin
2024-07-12 14:44:20,173 - DEBUG - Importing JpegImagePlugin
2024-07-12 14:44:20,174 - DEBUG - Importing Jpeg2KImagePlugin
2024-07-12 14:44:20,174 - DEBUG - Importing McIdasImagePlugin
2024-07-12 14:44:20,175 - DEBUG - Importing MicImagePlugin
2024-07-12 14:44:20,176 - DEBUG - Image: failed to import MicImagePlugin: No module named 'olefile'
2024-07-12 14:44:20,177 - DEBUG - Importing MpegImagePlugin
2024-07-12 14:44:20,178 - DEBUG - Importing MpoImagePlugin
2024-07-12 14:44:20,183 - DEBUG - Importing MspImagePlugin
2024-07-12 14:44:20,185 - DEBUG - Importing PalmImagePlugin
2024-07-12 14:44:20,186 - DEBUG - Importing PcdImagePlugin
2024-07-12 14:44:20,187 - DEBUG - Importing PcxImagePlugin
2024-07-12 14:44:20,188 - DEBUG - Importing PdfImagePlugin
2024-07-12 14:44:20,196 - DEBUG - Importing PixarImagePlugin
2024-07-12 14:44:20,197 - DEBUG - Importing PngImagePlugin
2024-07-12 14:44:20,198 - DEBUG - Importing PpmImagePlugin
2024-07-12 14:44:20,198 - DEBUG - Importing PsdImagePlugin
2024-07-12 14:44:20,199 - DEBUG - Importing QoiImagePlugin
2024-07-12 14:44:20,200 - DEBUG - Importing SgiImagePlugin
2024-07-12 14:44:20,201 - DEBUG - Importing SpiderImagePlugin
2024-07-12 14:44:20,202 - DEBUG - Importing SunImagePlugin
2024-07-12 14:44:20,203 - DEBUG - Importing TgaImagePlugin
2024-07-12 14:44:20,204 - DEBUG - Importing TiffImagePlugin
2024-07-12 14:44:20,204 - DEBUG - Importing WebPImagePlugin
2024-07-12 14:44:20,206 - DEBUG - Importing WmfImagePlugin
2024-07-12 14:44:20,207 - DEBUG - Importing XbmImagePlugin
2024-07-12 14:44:20,209 - DEBUG - Importing XpmImagePlugin
2024-07-12 14:44:20,210 - DEBUG - Importing XVThumbImagePlugin
2024-07-12 14:44:20,212 - DEBUG - STREAM b'IHDR' 224142 13
2024-07-12 14:44:20,213 - DEBUG - STREAM b'IDAT' 224167 29836
2024-07-12 14:44:27,032 - DEBUG - STREAM b'IHDR' 224142 13
2024-07-12 14:44:27,032 - DEBUG - STREAM b'IDAT' 224167 29836
2024-07-12 14:44:36,945 - DEBUG - STREAM b'IHDR' 224142 13
2024-07-12 14:44:36,946 - DEBUG - STREAM b'IDAT' 224167 29836
2024-07-12 14:44:43,691 - DEBUG - STREAM b'IHDR' 224142 13
2024-07-12 14:44:43,691 - DEBUG - STREAM b'IDAT' 224167 29836
2024-07-12 14:44:51,389 - DEBUG - STREAM b'IHDR' 224142 13
2024-07-12 14:44:51,389 - DEBUG - STREAM b'IDAT' 224167 29836
2024-07-12 14:46:10,858 - DEBUG - STREAM b'IHDR' 224142 13
2024-07-12 14:46:10,859 - DEBUG - STREAM b'IDAT' 224167 29836
